0 verbose cli /usr/bin/node /usr/bin/npm
1 info using npm@9.2.0
2 info using node@v18.19.1
3 timing npm:load:whichnode Completed in 0ms
4 timing config:load:defaults Completed in 1ms
5 timing config:load:file:/usr/share/nodejs/npm/npmrc Completed in 3ms
6 timing config:load:builtin Completed in 4ms
7 timing config:load:cli Completed in 2ms
8 timing config:load:env Completed in 0ms
9 timing config:load:file:/home/ubuntu/my-node-app/.npmrc Completed in 0ms
10 timing config:load:project Completed in 4ms
11 timing config:load:file:/home/ubuntu/.npmrc Completed in 0ms
12 timing config:load:user Completed in 0ms
13 timing config:load:file:/etc/npmrc Completed in 0ms
14 timing config:load:global Completed in 0ms
15 timing config:load:setEnvs Completed in 1ms
16 timing config:load Completed in 12ms
17 timing npm:load:configload Completed in 12ms
18 timing npm:load:mkdirpcache Completed in 0ms
19 timing npm:load:mkdirplogs Completed in 2ms
20 verbose title npm install mocha
21 verbose argv "install" "--save-dev" "mocha"
22 timing npm:load:setTitle Completed in 1ms
23 timing config:load:flatten Completed in 5ms
24 timing npm:load:display Completed in 6ms
25 verbose logfile logs-max:10 dir:/home/ubuntu/.npm/_logs/2024-08-28T20_20_18_393Z-
26 verbose logfile /home/ubuntu/.npm/_logs/2024-08-28T20_20_18_393Z-debug-0.log
27 timing npm:load:logFile Completed in 9ms
28 timing npm:load:timers Completed in 0ms
29 timing npm:load:configScope Completed in 0ms
30 timing npm:load Completed in 31ms
31 silly logfile done cleaning log files
32 timing config:load:flatten Completed in 1ms
33 timing arborist:ctor Completed in 1ms
34 timing idealTree:init Completed in 69ms
35 timing idealTree:userRequests Completed in 2ms
36 silly idealTree buildDeps
37 silly fetch manifest mocha@*
38 timing arborist:ctor Completed in 0ms
39 http fetch GET 200 https://registry.npmjs.org/mocha 136ms (cache miss)
40 silly placeDep ROOT mocha@10.7.3 OK for: my-node-app@1.0.0 want: *
41 silly fetch manifest ansi-colors@^4.1.3
42 silly fetch manifest browser-stdout@^1.3.1
43 silly fetch manifest chokidar@^3.5.3
44 silly fetch manifest debug@^4.3.5
45 silly fetch manifest diff@^5.2.0
46 silly fetch manifest escape-string-regexp@^4.0.0
47 silly fetch manifest find-up@^5.0.0
48 silly fetch manifest glob@^8.1.0
49 silly fetch manifest he@^1.2.0
50 silly fetch manifest js-yaml@^4.1.0
51 silly fetch manifest log-symbols@^4.1.0
52 silly fetch manifest minimatch@^5.1.6
53 silly fetch manifest ms@^2.1.3
54 silly fetch manifest serialize-javascript@^6.0.2
55 silly fetch manifest strip-json-comments@^3.1.1
56 silly fetch manifest supports-color@^8.1.1
57 silly fetch manifest workerpool@^6.5.1
58 silly fetch manifest yargs@^16.2.0
59 silly fetch manifest yargs-parser@^20.2.9
60 silly fetch manifest yargs-unparser@^2.0.0
61 http fetch GET 200 https://registry.npmjs.org/ansi-colors 145ms (cache miss)
62 http fetch GET 200 https://registry.npmjs.org/browser-stdout 161ms (cache miss)
63 http fetch GET 200 https://registry.npmjs.org/debug 162ms (cache revalidated)
64 http fetch GET 200 https://registry.npmjs.org/ms 159ms (cache revalidated)
65 http fetch GET 200 https://registry.npmjs.org/yargs-unparser 161ms (cache miss)
66 http fetch GET 200 https://registry.npmjs.org/escape-string-regexp 171ms (cache miss)
67 http fetch GET 200 https://registry.npmjs.org/strip-json-comments 168ms (cache miss)
68 http fetch GET 200 https://registry.npmjs.org/log-symbols 170ms (cache miss)
69 http fetch GET 200 https://registry.npmjs.org/he 173ms (cache miss)
70 http fetch GET 200 https://registry.npmjs.org/find-up 175ms (cache miss)
71 http fetch GET 200 https://registry.npmjs.org/diff 178ms (cache miss)
72 http fetch GET 200 https://registry.npmjs.org/serialize-javascript 175ms (cache miss)
73 http fetch GET 200 https://registry.npmjs.org/supports-color 182ms (cache miss)
74 http fetch GET 200 https://registry.npmjs.org/js-yaml 189ms (cache miss)
75 http fetch GET 200 https://registry.npmjs.org/chokidar 197ms (cache miss)
76 http fetch GET 200 https://registry.npmjs.org/workerpool 196ms (cache miss)
77 http fetch GET 200 https://registry.npmjs.org/yargs-parser 201ms (cache miss)
78 http fetch GET 200 https://registry.npmjs.org/glob 209ms (cache miss)
79 http fetch GET 200 https://registry.npmjs.org/minimatch 213ms (cache miss)
80 http fetch GET 200 https://registry.npmjs.org/yargs 213ms (cache miss)
81 timing idealTree:#root Completed in 380ms
82 silly placeDep ROOT ansi-colors@4.1.3 OK for: mocha@10.7.3 want: ^4.1.3
83 silly placeDep ROOT browser-stdout@1.3.1 OK for: mocha@10.7.3 want: ^1.3.1
84 silly placeDep ROOT chokidar@3.6.0 OK for: mocha@10.7.3 want: ^3.5.3
85 silly placeDep node_modules/mocha debug@4.3.6 OK for: mocha@10.7.3 want: ^4.3.5
86 silly placeDep ROOT diff@5.2.0 OK for: mocha@10.7.3 want: ^5.2.0
87 silly placeDep ROOT escape-string-regexp@4.0.0 OK for: mocha@10.7.3 want: ^4.0.0
88 silly placeDep ROOT find-up@5.0.0 OK for: mocha@10.7.3 want: ^5.0.0
89 silly placeDep ROOT glob@8.1.0 OK for: mocha@10.7.3 want: ^8.1.0
90 silly placeDep ROOT he@1.2.0 OK for: mocha@10.7.3 want: ^1.2.0
91 silly placeDep ROOT js-yaml@4.1.0 OK for: mocha@10.7.3 want: ^4.1.0
92 silly placeDep ROOT log-symbols@4.1.0 OK for: mocha@10.7.3 want: ^4.1.0
93 silly placeDep ROOT minimatch@5.1.6 OK for: mocha@10.7.3 want: ^5.1.6
94 silly placeDep node_modules/mocha ms@2.1.3 OK for: mocha@10.7.3 want: ^2.1.3
95 silly placeDep ROOT serialize-javascript@6.0.2 OK for: mocha@10.7.3 want: ^6.0.2
96 silly placeDep ROOT strip-json-comments@3.1.1 OK for: mocha@10.7.3 want: ^3.1.1
97 silly placeDep ROOT supports-color@8.1.1 OK for: mocha@10.7.3 want: ^8.1.1
98 silly placeDep ROOT workerpool@6.5.1 OK for: mocha@10.7.3 want: ^6.5.1
99 silly placeDep ROOT yargs@16.2.0 OK for: mocha@10.7.3 want: ^16.2.0
100 silly placeDep ROOT yargs-parser@20.2.9 OK for: mocha@10.7.3 want: ^20.2.9
101 silly placeDep ROOT yargs-unparser@2.0.0 OK for: mocha@10.7.3 want: ^2.0.0
102 silly fetch manifest anymatch@~3.1.2
103 silly fetch manifest braces@~3.0.2
104 silly fetch manifest glob-parent@~5.1.2
105 silly fetch manifest is-binary-path@~2.1.0
106 silly fetch manifest is-glob@~4.0.1
107 silly fetch manifest normalize-path@~3.0.0
108 silly fetch manifest readdirp@~3.6.0
109 silly fetch manifest fsevents@~2.3.2
110 silly fetch manifest ms@2.1.2
111 silly fetch manifest locate-path@^6.0.0
112 silly fetch manifest path-exists@^4.0.0
113 silly fetch manifest once@^1.3.0
114 silly fetch manifest inflight@^1.0.4
115 silly fetch manifest fs.realpath@^1.0.0
116 silly fetch manifest argparse@^2.0.1
117 silly fetch manifest chalk@^4.1.0
118 silly fetch manifest is-unicode-supported@^0.1.0
119 silly fetch manifest brace-expansion@^2.0.1
120 silly fetch manifest randombytes@^2.1.0
121 silly fetch manifest has-flag@^4.0.0
122 silly fetch manifest y18n@^5.0.5
123 silly fetch manifest cliui@^7.0.2
124 silly fetch manifest escalade@^3.1.1
125 silly fetch manifest string-width@^4.2.0
126 silly fetch manifest get-caller-file@^2.0.5
127 silly fetch manifest require-directory@^2.1.1
128 silly fetch manifest camelcase@^6.0.0
129 silly fetch manifest decamelize@^4.0.0
130 silly fetch manifest flat@^5.0.2
131 silly fetch manifest is-plain-obj@^2.1.0
132 http fetch GET 200 https://registry.npmjs.org/locate-path 139ms (cache miss)
133 http fetch GET 200 https://registry.npmjs.org/braces 151ms (cache miss)
134 http fetch GET 200 https://registry.npmjs.org/normalize-path 150ms (cache miss)
135 http fetch GET 200 https://registry.npmjs.org/fs.realpath 147ms (cache miss)
136 http fetch GET 200 https://registry.npmjs.org/path-exists 150ms (cache miss)
137 http fetch GET 200 https://registry.npmjs.org/is-glob 154ms (cache miss)
138 http fetch GET 200 https://registry.npmjs.org/argparse 147ms (cache miss)
139 http fetch GET 200 https://registry.npmjs.org/brace-expansion 147ms (cache miss)
140 http fetch GET 200 https://registry.npmjs.org/once 152ms (cache miss)
141 http fetch GET 200 https://registry.npmjs.org/is-unicode-supported 148ms (cache miss)
142 http fetch GET 200 https://registry.npmjs.org/randombytes 147ms (cache miss)
143 http fetch GET 200 https://registry.npmjs.org/require-directory 141ms (cache miss)
144 http fetch GET 200 https://registry.npmjs.org/is-binary-path 159ms (cache miss)
145 http fetch GET 200 https://registry.npmjs.org/inflight 154ms (cache miss)
146 http fetch GET 200 https://registry.npmjs.org/has-flag 148ms (cache miss)
147 http fetch GET 200 https://registry.npmjs.org/string-width 145ms (cache miss)
148 http fetch GET 200 https://registry.npmjs.org/chalk 154ms (cache miss)
149 http fetch GET 200 https://registry.npmjs.org/get-caller-file 147ms (cache miss)
150 http fetch GET 200 https://registry.npmjs.org/y18n 152ms (cache miss)
151 http fetch GET 200 https://registry.npmjs.org/glob-parent 165ms (cache miss)
152 http fetch GET 200 https://registry.npmjs.org/anymatch 169ms (cache miss)
153 http fetch GET 200 https://registry.npmjs.org/decamelize 147ms (cache miss)
154 http fetch GET 200 https://registry.npmjs.org/is-plain-obj 146ms (cache miss)
155 http fetch GET 200 https://registry.npmjs.org/camelcase 149ms (cache miss)
156 http fetch GET 200 https://registry.npmjs.org/cliui 154ms (cache miss)
157 http fetch GET 200 https://registry.npmjs.org/escalade 154ms (cache miss)
158 http fetch GET 200 https://registry.npmjs.org/readdirp 167ms (cache miss)
159 http fetch GET 200 https://registry.npmjs.org/flat 149ms (cache miss)
160 http fetch GET 200 https://registry.npmjs.org/fsevents 169ms (cache miss)
161 timing idealTree:node_modules/mocha Completed in 209ms
162 timing idealTree:node_modules/ansi-colors Completed in 0ms
163 timing idealTree:node_modules/browser-stdout Completed in 0ms
164 silly placeDep ROOT anymatch@3.1.3 OK for: chokidar@3.6.0 want: ~3.1.2
165 silly placeDep ROOT braces@3.0.3 OK for: chokidar@3.6.0 want: ~3.0.2
166 silly placeDep ROOT fsevents@2.3.3 OK for: chokidar@3.6.0 want: ~2.3.2
167 silly placeDep ROOT glob-parent@5.1.2 OK for: chokidar@3.6.0 want: ~5.1.2
168 silly placeDep ROOT is-binary-path@2.1.0 OK for: chokidar@3.6.0 want: ~2.1.0
169 silly placeDep ROOT is-glob@4.0.3 OK for: chokidar@3.6.0 want: ~4.0.1
170 silly placeDep ROOT normalize-path@3.0.0 OK for: chokidar@3.6.0 want: ~3.0.0
171 silly placeDep ROOT readdirp@3.6.0 OK for: chokidar@3.6.0 want: ~3.6.0
172 silly fetch manifest picomatch@^2.0.4
173 silly fetch manifest fill-range@^7.1.1
174 silly fetch manifest binary-extensions@^2.0.0
175 silly fetch manifest is-extglob@^2.1.1
176 silly fetch manifest picomatch@^2.2.1
177 http fetch GET 200 https://registry.npmjs.org/is-extglob 35ms (cache miss)
178 http fetch GET 200 https://registry.npmjs.org/fill-range 40ms (cache miss)
179 http fetch GET 200 https://registry.npmjs.org/picomatch 41ms (cache miss)
180 http fetch GET 200 https://registry.npmjs.org/binary-extensions 41ms (cache miss)
181 http fetch GET 200 https://registry.npmjs.org/picomatch 51ms (cache miss)
182 timing idealTree:node_modules/chokidar Completed in 65ms
183 silly placeDep ROOT picomatch@2.3.1 OK for: anymatch@3.1.3 want: ^2.0.4
184 timing idealTree:node_modules/anymatch Completed in 1ms
185 silly placeDep ROOT fill-range@7.1.1 OK for: braces@3.0.3 want: ^7.1.1
186 silly fetch manifest to-regex-range@^5.0.1
187 http fetch GET 200 https://registry.npmjs.org/to-regex-range 33ms (cache miss)
188 timing idealTree:node_modules/braces Completed in 34ms
189 timing idealTree:node_modules/diff Completed in 0ms
190 timing idealTree:node_modules/escape-string-regexp Completed in 0ms
191 silly placeDep ROOT to-regex-range@5.0.1 OK for: fill-range@7.1.1 want: ^5.0.1
192 silly fetch manifest is-number@^7.0.0
193 http fetch GET 200 https://registry.npmjs.org/is-number 47ms (cache miss)
194 timing idealTree:node_modules/fill-range Completed in 49ms
195 silly placeDep ROOT locate-path@6.0.0 OK for: find-up@5.0.0 want: ^6.0.0
196 silly placeDep ROOT path-exists@4.0.0 OK for: find-up@5.0.0 want: ^4.0.0
197 silly fetch manifest p-locate@^5.0.0
198 http fetch GET 200 https://registry.npmjs.org/p-locate 32ms (cache miss)
199 timing idealTree:node_modules/find-up Completed in 36ms
200 timing idealTree:node_modules/fsevents Completed in 0ms
201 silly placeDep ROOT fs.realpath@1.0.0 OK for: glob@8.1.0 want: ^1.0.0
202 silly placeDep ROOT inflight@1.0.6 OK for: glob@8.1.0 want: ^1.0.4
203 silly placeDep ROOT once@1.4.0 OK for: glob@8.1.0 want: ^1.3.0
204 silly fetch manifest wrappy@1
205 http fetch GET 200 https://registry.npmjs.org/wrappy 46ms (cache miss)
206 timing idealTree:node_modules/glob Completed in 50ms
207 timing idealTree:node_modules/fs.realpath Completed in 0ms
208 timing idealTree:node_modules/glob-parent Completed in 0ms
209 timing idealTree:node_modules/he Completed in 0ms
210 silly placeDep ROOT wrappy@1.0.2 OK for: inflight@1.0.6 want: 1
211 timing idealTree:node_modules/inflight Completed in 2ms
212 silly placeDep ROOT binary-extensions@2.3.0 OK for: is-binary-path@2.1.0 want: ^2.0.0
213 timing idealTree:node_modules/is-binary-path Completed in 5ms
214 timing idealTree:node_modules/binary-extensions Completed in 0ms
215 silly placeDep ROOT is-extglob@2.1.1 OK for: is-glob@4.0.3 want: ^2.1.1
216 timing idealTree:node_modules/is-glob Completed in 0ms
217 timing idealTree:node_modules/is-extglob Completed in 0ms
218 silly placeDep ROOT argparse@2.0.1 OK for: js-yaml@4.1.0 want: ^2.0.1
219 timing idealTree:node_modules/js-yaml Completed in 0ms
220 timing idealTree:node_modules/argparse Completed in 0ms
221 silly placeDep ROOT p-locate@5.0.0 OK for: locate-path@6.0.0 want: ^5.0.0
222 silly fetch manifest p-limit@^3.0.2
223 http fetch GET 200 https://registry.npmjs.org/p-limit 36ms (cache miss)
224 timing idealTree:node_modules/locate-path Completed in 39ms
225 silly placeDep ROOT chalk@4.1.2 OK for: log-symbols@4.1.0 want: ^4.1.0
226 silly placeDep ROOT is-unicode-supported@0.1.0 OK for: log-symbols@4.1.0 want: ^0.1.0
227 silly fetch manifest ansi-styles@^4.1.0
228 silly fetch manifest supports-color@^7.1.0
229 http fetch GET 200 https://registry.npmjs.org/ansi-styles 48ms (cache miss)
230 timing idealTree:node_modules/log-symbols Completed in 59ms
231 silly placeDep ROOT ansi-styles@4.3.0 OK for: chalk@4.1.2 want: ^4.1.0
232 silly placeDep node_modules/chalk supports-color@7.2.0 OK for: chalk@4.1.2 want: ^7.1.0
233 silly fetch manifest color-convert@^2.0.1
234 http fetch GET 200 https://registry.npmjs.org/color-convert 34ms (cache miss)
235 timing idealTree:node_modules/chalk Completed in 37ms
236 silly placeDep ROOT color-convert@2.0.1 OK for: ansi-styles@4.3.0 want: ^2.0.1
237 silly fetch manifest color-name@~1.1.4
238 http fetch GET 200 https://registry.npmjs.org/color-name 27ms (cache miss)
239 timing idealTree:node_modules/ansi-styles Completed in 30ms
240 silly placeDep ROOT color-name@1.1.4 OK for: color-convert@2.0.1 want: ~1.1.4
241 timing idealTree:node_modules/color-convert Completed in 3ms
242 timing idealTree:node_modules/color-name Completed in 0ms
243 timing idealTree:node_modules/is-unicode-supported Completed in 0ms
244 silly placeDep ROOT brace-expansion@2.0.1 OK for: minimatch@5.1.6 want: ^2.0.1
245 silly fetch manifest balanced-match@^1.0.0
246 http fetch GET 200 https://registry.npmjs.org/balanced-match 30ms (cache miss)
247 timing idealTree:node_modules/minimatch Completed in 33ms
248 silly placeDep ROOT balanced-match@1.0.2 OK for: brace-expansion@2.0.1 want: ^1.0.0
249 timing idealTree:node_modules/brace-expansion Completed in 1ms
250 timing idealTree:node_modules/balanced-match Completed in 0ms
251 timing idealTree:node_modules/normalize-path Completed in 0ms
252 timing idealTree:node_modules/once Completed in 0ms
253 silly placeDep ROOT p-limit@3.1.0 OK for: p-locate@5.0.0 want: ^3.0.2
254 silly fetch manifest yocto-queue@^0.1.0
255 http fetch GET 200 https://registry.npmjs.org/yocto-queue 42ms (cache miss)
256 timing idealTree:node_modules/p-locate Completed in 44ms
257 silly placeDep ROOT yocto-queue@0.1.0 OK for: p-limit@3.1.0 want: ^0.1.0
258 timing idealTree:node_modules/p-limit Completed in 3ms
259 timing idealTree:node_modules/path-exists Completed in 0ms
260 timing idealTree:node_modules/picomatch Completed in 0ms
261 timing idealTree:node_modules/readdirp Completed in 0ms
262 silly placeDep ROOT randombytes@2.1.0 OK for: serialize-javascript@6.0.2 want: ^2.1.0
263 timing idealTree:node_modules/serialize-javascript Completed in 2ms
264 timing idealTree:node_modules/randombytes Completed in 0ms
265 timing idealTree:node_modules/strip-json-comments Completed in 0ms
266 silly placeDep ROOT has-flag@4.0.0 OK for: supports-color@8.1.1 want: ^4.0.0
267 timing idealTree:node_modules/supports-color Completed in 1ms
268 timing idealTree:node_modules/has-flag Completed in 0ms
269 silly placeDep ROOT is-number@7.0.0 OK for: to-regex-range@5.0.1 want: ^7.0.0
270 timing idealTree:node_modules/to-regex-range Completed in 1ms
271 timing idealTree:node_modules/is-number Completed in 0ms
272 timing idealTree:node_modules/workerpool Completed in 0ms
273 timing idealTree:node_modules/wrappy Completed in 0ms
274 silly placeDep ROOT cliui@7.0.4 OK for: yargs@16.2.0 want: ^7.0.2
275 silly placeDep ROOT escalade@3.1.2 OK for: yargs@16.2.0 want: ^3.1.1
276 silly placeDep ROOT get-caller-file@2.0.5 OK for: yargs@16.2.0 want: ^2.0.5
277 silly placeDep ROOT require-directory@2.1.1 OK for: yargs@16.2.0 want: ^2.1.1
278 silly placeDep ROOT string-width@4.2.3 OK for: yargs@16.2.0 want: ^4.2.0
279 silly placeDep ROOT y18n@5.0.8 OK for: yargs@16.2.0 want: ^5.0.5
280 silly fetch manifest wrap-ansi@^7.0.0
281 silly fetch manifest strip-ansi@^6.0.0
282 silly fetch manifest strip-ansi@^6.0.1
283 silly fetch manifest emoji-regex@^8.0.0
284 silly fetch manifest is-fullwidth-code-point@^3.0.0
285 http fetch GET 200 https://registry.npmjs.org/emoji-regex 34ms (cache miss)
286 http fetch GET 200 https://registry.npmjs.org/strip-ansi 46ms (cache miss)
287 http fetch GET 200 https://registry.npmjs.org/is-fullwidth-code-point 44ms (cache miss)
288 http fetch GET 200 https://registry.npmjs.org/wrap-ansi 48ms (cache miss)
289 http fetch GET 200 https://registry.npmjs.org/strip-ansi 48ms (cache miss)
290 timing idealTree:node_modules/yargs Completed in 55ms
291 silly placeDep ROOT strip-ansi@6.0.1 OK for: cliui@7.0.4 want: ^6.0.0
292 silly placeDep ROOT wrap-ansi@7.0.0 OK for: cliui@7.0.4 want: ^7.0.0
293 silly fetch manifest ansi-regex@^5.0.1
294 http fetch GET 200 https://registry.npmjs.org/ansi-regex 36ms (cache miss)
295 timing idealTree:node_modules/cliui Completed in 43ms
296 timing idealTree:node_modules/escalade Completed in 0ms
297 timing idealTree:node_modules/get-caller-file Completed in 0ms
298 timing idealTree:node_modules/require-directory Completed in 0ms
299 silly placeDep ROOT emoji-regex@8.0.0 OK for: string-width@4.2.3 want: ^8.0.0
300 silly placeDep ROOT is-fullwidth-code-point@3.0.0 OK for: string-width@4.2.3 want: ^3.0.0
301 timing idealTree:node_modules/string-width Completed in 2ms
302 timing idealTree:node_modules/emoji-regex Completed in 0ms
303 timing idealTree:node_modules/is-fullwidth-code-point Completed in 0ms
304 silly placeDep ROOT ansi-regex@5.0.1 OK for: strip-ansi@6.0.1 want: ^5.0.1
305 timing idealTree:node_modules/strip-ansi Completed in 2ms
306 timing idealTree:node_modules/ansi-regex Completed in 0ms
307 timing idealTree:node_modules/wrap-ansi Completed in 0ms
308 timing idealTree:node_modules/y18n Completed in 0ms
309 timing idealTree:node_modules/yargs-parser Completed in 0ms
310 silly placeDep ROOT camelcase@6.3.0 OK for: yargs-unparser@2.0.0 want: ^6.0.0
311 silly placeDep ROOT decamelize@4.0.0 OK for: yargs-unparser@2.0.0 want: ^4.0.0
312 silly placeDep ROOT flat@5.0.2 OK for: yargs-unparser@2.0.0 want: ^5.0.2
313 silly placeDep ROOT is-plain-obj@2.1.0 OK for: yargs-unparser@2.0.0 want: ^2.1.0
314 timing idealTree:node_modules/yargs-unparser Completed in 3ms
315 timing idealTree:node_modules/camelcase Completed in 1ms
316 timing idealTree:node_modules/decamelize Completed in 0ms
317 timing idealTree:node_modules/flat Completed in 0ms
318 timing idealTree:node_modules/is-plain-obj Completed in 0ms
319 timing idealTree:node_modules/yocto-queue Completed in 0ms
320 timing idealTree:node_modules/chalk/node_modules/supports-color Completed in 0ms
321 silly placeDep node_modules/mocha/node_modules/debug ms@2.1.2 OK for: debug@4.3.6 want: 2.1.2
322 timing idealTree:node_modules/mocha/node_modules/debug Completed in 0ms
323 timing idealTree:node_modules/mocha/node_modules/ms Completed in 0ms
324 timing idealTree:node_modules/mocha/node_modules/debug/node_modules/ms Completed in 0ms
325 timing idealTree:buildDeps Completed in 1199ms
326 timing idealTree:fixDepFlags Completed in 1ms
327 timing idealTree Completed in 1277ms
328 timing reify:loadTrees Completed in 1278ms
329 timing reify:diffTrees Completed in 7ms
330 silly reify moves {}
331 timing reify:retireShallow Completed in 2ms
332 timing reify:createSparse Completed in 3ms
333 timing reify:loadBundles Completed in 0ms
334 silly audit bulk request {
334 silly audit   accepts: [ '1.3.8' ],
334 silly audit   'array-flatten': [ '1.1.1' ],
334 silly audit   'body-parser': [ '1.20.2' ],
334 silly audit   bytes: [ '3.1.2' ],
334 silly audit   'call-bind': [ '1.0.7' ],
334 silly audit   'content-disposition': [ '0.5.4' ],
334 silly audit   'content-type': [ '1.0.5' ],
334 silly audit   cookie: [ '0.6.0' ],
334 silly audit   'cookie-signature': [ '1.0.6' ],
334 silly audit   debug: [ '2.6.9', '4.3.6' ],
334 silly audit   'define-data-property': [ '1.1.4' ],
334 silly audit   depd: [ '2.0.0' ],
334 silly audit   destroy: [ '1.2.0' ],
334 silly audit   'ee-first': [ '1.1.1' ],
334 silly audit   encodeurl: [ '1.0.2' ],
334 silly audit   'es-define-property': [ '1.0.0' ],
334 silly audit   'es-errors': [ '1.3.0' ],
334 silly audit   'escape-html': [ '1.0.3' ],
334 silly audit   etag: [ '1.8.1' ],
334 silly audit   express: [ '4.19.2' ],
334 silly audit   finalhandler: [ '1.2.0' ],
334 silly audit   forwarded: [ '0.2.0' ],
334 silly audit   fresh: [ '0.5.2' ],
334 silly audit   'function-bind': [ '1.1.2' ],
334 silly audit   'get-intrinsic': [ '1.2.4' ],
334 silly audit   gopd: [ '1.0.1' ],
334 silly audit   'has-property-descriptors': [ '1.0.2' ],
334 silly audit   'has-proto': [ '1.0.3' ],
334 silly audit   'has-symbols': [ '1.0.3' ],
334 silly audit   hasown: [ '2.0.2' ],
334 silly audit   'http-errors': [ '2.0.0' ],
334 silly audit   'iconv-lite': [ '0.4.24' ],
334 silly audit   inherits: [ '2.0.4' ],
334 silly audit   'ipaddr.js': [ '1.9.1' ],
334 silly audit   'media-typer': [ '0.3.0' ],
334 silly audit   'merge-descriptors': [ '1.0.1' ],
334 silly audit   methods: [ '1.1.2' ],
334 silly audit   mime: [ '1.6.0' ],
334 silly audit   'mime-db': [ '1.52.0' ],
334 silly audit   'mime-types': [ '2.1.35' ],
334 silly audit   ms: [ '2.0.0', '2.1.3', '2.1.2' ],
334 silly audit   negotiator: [ '0.6.3' ],
334 silly audit   'object-inspect': [ '1.13.2' ],
334 silly audit   'on-finished': [ '2.4.1' ],
334 silly audit   parseurl: [ '1.3.3' ],
334 silly audit   'path-to-regexp': [ '0.1.7' ],
334 silly audit   'proxy-addr': [ '2.0.7' ],
334 silly audit   qs: [ '6.11.0' ],
334 silly audit   'range-parser': [ '1.2.1' ],
334 silly audit   'raw-body': [ '2.5.2' ],
334 silly audit   'safe-buffer': [ '5.2.1' ],
334 silly audit   'safer-buffer': [ '2.1.2' ],
334 silly audit   send: [ '0.18.0' ],
334 silly audit   'serve-static': [ '1.15.0' ],
334 silly audit   'set-function-length': [ '1.2.2' ],
334 silly audit   setprototypeof: [ '1.2.0' ],
334 silly audit   'side-channel': [ '1.0.6' ],
334 silly audit   statuses: [ '2.0.1' ],
334 silly audit   toidentifier: [ '1.0.1' ],
334 silly audit   'type-is': [ '1.6.18' ],
334 silly audit   unpipe: [ '1.0.0' ],
334 silly audit   'utils-merge': [ '1.0.1' ],
334 silly audit   vary: [ '1.1.2' ],
334 silly audit   mocha: [ '10.7.3' ],
334 silly audit   'ansi-colors': [ '4.1.3' ],
334 silly audit   'browser-stdout': [ '1.3.1' ],
334 silly audit   chokidar: [ '3.6.0' ],
334 silly audit   diff: [ '5.2.0' ],
334 silly audit   'escape-string-regexp': [ '4.0.0' ],
334 silly audit   'find-up': [ '5.0.0' ],
334 silly audit   glob: [ '8.1.0' ],
334 silly audit   he: [ '1.2.0' ],
334 silly audit   'js-yaml': [ '4.1.0' ],
334 silly audit   'log-symbols': [ '4.1.0' ],
334 silly audit   minimatch: [ '5.1.6' ],
334 silly audit   'serialize-javascript': [ '6.0.2' ],
334 silly audit   'strip-json-comments': [ '3.1.1' ],
334 silly audit   'supports-color': [ '8.1.1', '7.2.0' ],
334 silly audit   workerpool: [ '6.5.1' ],
334 silly audit   yargs: [ '16.2.0' ],
334 silly audit   'yargs-parser': [ '20.2.9' ],
334 silly audit   'yargs-unparser': [ '2.0.0' ],
334 silly audit   anymatch: [ '3.1.3' ],
334 silly audit   braces: [ '3.0.3' ],
334 silly audit   fsevents: [ '2.3.3' ],
334 silly audit   'glob-parent': [ '5.1.2' ],
334 silly audit   'is-binary-path': [ '2.1.0' ],
334 silly audit   'is-glob': [ '4.0.3' ],
334 silly audit   'normalize-path': [ '3.0.0' ],
334 silly audit   readdirp: [ '3.6.0' ],
334 silly audit   picomatch: [ '2.3.1' ],
334 silly audit   'fill-range': [ '7.1.1' ],
334 silly audit   'to-regex-range': [ '5.0.1' ],
334 silly audit   'locate-path': [ '6.0.0' ],
334 silly audit   'path-exists': [ '4.0.0' ],
334 silly audit   'fs.realpath': [ '1.0.0' ],
334 silly audit   inflight: [ '1.0.6' ],
334 silly audit   once: [ '1.4.0' ],
334 silly audit   wrappy: [ '1.0.2' ],
334 silly audit   'binary-extensions': [ '2.3.0' ],
334 silly audit   'is-extglob': [ '2.1.1' ],
334 silly audit   argparse: [ '2.0.1' ],
334 silly audit   'p-locate': [ '5.0.0' ],
334 silly audit   chalk: [ '4.1.2' ],
334 silly audit   'is-unicode-supported': [ '0.1.0' ],
334 silly audit   'ansi-styles': [ '4.3.0' ],
334 silly audit   'color-convert': [ '2.0.1' ],
334 silly audit   'color-name': [ '1.1.4' ],
334 silly audit   'brace-expansion': [ '2.0.1' ],
334 silly audit   'balanced-match': [ '1.0.2' ],
334 silly audit   'p-limit': [ '3.1.0' ],
334 silly audit   'yocto-queue': [ '0.1.0' ],
334 silly audit   randombytes: [ '2.1.0' ],
334 silly audit   'has-flag': [ '4.0.0' ],
334 silly audit   'is-number': [ '7.0.0' ],
334 silly audit   cliui: [ '7.0.4' ],
334 silly audit   escalade: [ '3.1.2' ],
334 silly audit   'get-caller-file': [ '2.0.5' ],
334 silly audit   'require-directory': [ '2.1.1' ],
334 silly audit   'string-width': [ '4.2.3' ],
334 silly audit   y18n: [ '5.0.8' ],
334 silly audit   'strip-ansi': [ '6.0.1' ],
334 silly audit   'wrap-ansi': [ '7.0.0' ],
334 silly audit   'emoji-regex': [ '8.0.0' ],
334 silly audit   'is-fullwidth-code-point': [ '3.0.0' ],
334 silly audit   'ansi-regex': [ '5.0.1' ],
334 silly audit   camelcase: [ '6.3.0' ],
334 silly audit   decamelize: [ '4.0.0' ],
334 silly audit   flat: [ '5.0.2' ],
334 silly audit   'is-plain-obj': [ '2.1.0' ]
334 silly audit }
335 verbose reify failed optional dependency /home/ubuntu/my-node-app/node_modules/fsevents
336 silly reify mark deleted [ '/home/ubuntu/my-node-app/node_modules/fsevents' ]
337 timing reifyNode:node_modules/fsevents Completed in 33ms
338 silly tarball no local data for flat@https://registry.npmjs.org/flat/-/flat-5.0.2.tgz. Extracting by manifest.
339 silly tarball no local data for decamelize@https://registry.npmjs.org/decamelize/-/decamelize-4.0.0.tgz. Extracting by manifest.
340 silly tarball no local data for camelcase@https://registry.npmjs.org/camelcase/-/camelcase-6.3.0.tgz. Extracting by manifest.
341 silly tarball no local data for ansi-regex@https://registry.npmjs.org/ansi-regex/-/ansi-regex-5.0.1.tgz. Extracting by manifest.
342 silly tarball no local data for is-fullwidth-code-point@https://registry.npmjs.org/is-fullwidth-code-point/-/is-fullwidth-code-point-3.0.0.tgz. Extracting by manifest.
343 silly tarball no local data for is-plain-obj@https://registry.npmjs.org/is-plain-obj/-/is-plain-obj-2.1.0.tgz. Extracting by manifest.
344 silly tarball no local data for wrap-ansi@https://registry.npmjs.org/wrap-ansi/-/wrap-ansi-7.0.0.tgz. Extracting by manifest.
345 silly tarball no local data for strip-ansi@https://registry.npmjs.org/strip-ansi/-/strip-ansi-6.0.1.tgz. Extracting by manifest.
346 silly tarball no local data for emoji-regex@https://registry.npmjs.org/emoji-regex/-/emoji-regex-8.0.0.tgz. Extracting by manifest.
347 silly tarball no local data for mocha@https://registry.npmjs.org/mocha/-/mocha-10.7.3.tgz. Extracting by manifest.
348 silly tarball no local data for y18n@https://registry.npmjs.org/y18n/-/y18n-5.0.8.tgz. Extracting by manifest.
349 silly tarball no local data for string-width@https://registry.npmjs.org/string-width/-/string-width-4.2.3.tgz. Extracting by manifest.
350 silly tarball no local data for ansi-colors@https://registry.npmjs.org/ansi-colors/-/ansi-colors-4.1.3.tgz. Extracting by manifest.
351 silly tarball no local data for get-caller-file@https://registry.npmjs.org/get-caller-file/-/get-caller-file-2.0.5.tgz. Extracting by manifest.
352 silly tarball no local data for escalade@https://registry.npmjs.org/escalade/-/escalade-3.1.2.tgz. Extracting by manifest.
353 silly tarball no local data for cliui@https://registry.npmjs.org/cliui/-/cliui-7.0.4.tgz. Extracting by manifest.
354 silly tarball no local data for is-number@https://registry.npmjs.org/is-number/-/is-number-7.0.0.tgz. Extracting by manifest.
355 silly tarball no local data for require-directory@https://registry.npmjs.org/require-directory/-/require-directory-2.1.1.tgz. Extracting by manifest.
356 silly tarball no local data for randombytes@https://registry.npmjs.org/randombytes/-/randombytes-2.1.0.tgz. Extracting by manifest.
357 silly tarball no local data for p-limit@https://registry.npmjs.org/p-limit/-/p-limit-3.1.0.tgz. Extracting by manifest.
358 silly tarball no local data for balanced-match@https://registry.npmjs.org/balanced-match/-/balanced-match-1.0.2.tgz. Extracting by manifest.
359 silly tarball no local data for brace-expansion@https://registry.npmjs.org/brace-expansion/-/brace-expansion-2.0.1.tgz. Extracting by manifest.
360 silly tarball no local data for color-name@https://registry.npmjs.org/color-name/-/color-name-1.1.4.tgz. Extracting by manifest.
361 silly tarball no local data for has-flag@https://registry.npmjs.org/has-flag/-/has-flag-4.0.0.tgz. Extracting by manifest.
362 silly tarball no local data for is-unicode-supported@https://registry.npmjs.org/is-unicode-supported/-/is-unicode-supported-0.1.0.tgz. Extracting by manifest.
363 silly tarball no local data for color-convert@https://registry.npmjs.org/color-convert/-/color-convert-2.0.1.tgz. Extracting by manifest.
364 silly tarball no local data for yocto-queue@https://registry.npmjs.org/yocto-queue/-/yocto-queue-0.1.0.tgz. Extracting by manifest.
365 silly tarball no local data for is-extglob@https://registry.npmjs.org/is-extglob/-/is-extglob-2.1.1.tgz. Extracting by manifest.
366 silly tarball no local data for argparse@https://registry.npmjs.org/argparse/-/argparse-2.0.1.tgz. Extracting by manifest.
367 silly tarball no local data for chalk@https://registry.npmjs.org/chalk/-/chalk-4.1.2.tgz. Extracting by manifest.
368 silly tarball no local data for p-locate@https://registry.npmjs.org/p-locate/-/p-locate-5.0.0.tgz. Extracting by manifest.
369 silly tarball no local data for ansi-styles@https://registry.npmjs.org/ansi-styles/-/ansi-styles-4.3.0.tgz. Extracting by manifest.
370 silly tarball no local data for once@https://registry.npmjs.org/once/-/once-1.4.0.tgz. Extracting by manifest.
371 silly tarball no local data for fs.realpath@https://registry.npmjs.org/fs.realpath/-/fs.realpath-1.0.0.tgz. Extracting by manifest.
372 silly tarball no local data for path-exists@https://registry.npmjs.org/path-exists/-/path-exists-4.0.0.tgz. Extracting by manifest.
373 silly tarball no local data for locate-path@https://registry.npmjs.org/locate-path/-/locate-path-6.0.0.tgz. Extracting by manifest.
374 silly tarball no local data for to-regex-range@https://registry.npmjs.org/to-regex-range/-/to-regex-range-5.0.1.tgz. Extracting by manifest.
375 silly tarball no local data for fill-range@https://registry.npmjs.org/fill-range/-/fill-range-7.1.1.tgz. Extracting by manifest.
376 silly tarball no local data for picomatch@https://registry.npmjs.org/picomatch/-/picomatch-2.3.1.tgz. Extracting by manifest.
377 silly tarball no local data for readdirp@https://registry.npmjs.org/readdirp/-/readdirp-3.6.0.tgz. Extracting by manifest.
378 silly tarball no local data for normalize-path@https://registry.npmjs.org/normalize-path/-/normalize-path-3.0.0.tgz. Extracting by manifest.
379 silly tarball no local data for is-glob@https://registry.npmjs.org/is-glob/-/is-glob-4.0.3.tgz. Extracting by manifest.
380 silly tarball no local data for glob-parent@https://registry.npmjs.org/glob-parent/-/glob-parent-5.1.2.tgz. Extracting by manifest.
381 silly tarball no local data for braces@https://registry.npmjs.org/braces/-/braces-3.0.3.tgz. Extracting by manifest.
382 silly tarball no local data for anymatch@https://registry.npmjs.org/anymatch/-/anymatch-3.1.3.tgz. Extracting by manifest.
383 silly tarball no local data for yargs-unparser@https://registry.npmjs.org/yargs-unparser/-/yargs-unparser-2.0.0.tgz. Extracting by manifest.
384 silly tarball no local data for yargs-parser@https://registry.npmjs.org/yargs-parser/-/yargs-parser-20.2.9.tgz. Extracting by manifest.
385 silly tarball no local data for yargs@https://registry.npmjs.org/yargs/-/yargs-16.2.0.tgz. Extracting by manifest.
386 silly tarball no local data for workerpool@https://registry.npmjs.org/workerpool/-/workerpool-6.5.1.tgz. Extracting by manifest.
387 silly tarball no local data for strip-json-comments@https://registry.npmjs.org/strip-json-comments/-/strip-json-comments-3.1.1.tgz. Extracting by manifest.
388 silly tarball no local data for serialize-javascript@https://registry.npmjs.org/serialize-javascript/-/serialize-javascript-6.0.2.tgz. Extracting by manifest.
389 silly tarball no local data for minimatch@https://registry.npmjs.org/minimatch/-/minimatch-5.1.6.tgz. Extracting by manifest.
390 silly tarball no local data for log-symbols@https://registry.npmjs.org/log-symbols/-/log-symbols-4.1.0.tgz. Extracting by manifest.
391 silly tarball no local data for js-yaml@https://registry.npmjs.org/js-yaml/-/js-yaml-4.1.0.tgz. Extracting by manifest.
392 silly tarball no local data for wrappy@https://registry.npmjs.org/wrappy/-/wrappy-1.0.2.tgz. Extracting by manifest.
393 silly tarball no local data for binary-extensions@https://registry.npmjs.org/binary-extensions/-/binary-extensions-2.3.0.tgz. Extracting by manifest.
394 silly tarball no local data for he@https://registry.npmjs.org/he/-/he-1.2.0.tgz. Extracting by manifest.
395 silly tarball no local data for inflight@https://registry.npmjs.org/inflight/-/inflight-1.0.6.tgz. Extracting by manifest.
396 silly tarball no local data for glob@https://registry.npmjs.org/glob/-/glob-8.1.0.tgz. Extracting by manifest.
397 silly tarball no local data for find-up@https://registry.npmjs.org/find-up/-/find-up-5.0.0.tgz. Extracting by manifest.
398 silly tarball no local data for is-binary-path@https://registry.npmjs.org/is-binary-path/-/is-binary-path-2.1.0.tgz. Extracting by manifest.
399 silly tarball no local data for supports-color@https://registry.npmjs.org/supports-color/-/supports-color-8.1.1.tgz. Extracting by manifest.
400 silly tarball no local data for diff@https://registry.npmjs.org/diff/-/diff-5.2.0.tgz. Extracting by manifest.
401 silly tarball no local data for chokidar@https://registry.npmjs.org/chokidar/-/chokidar-3.6.0.tgz. Extracting by manifest.
402 silly tarball no local data for browser-stdout@https://registry.npmjs.org/browser-stdout/-/browser-stdout-1.3.1.tgz. Extracting by manifest.
403 silly tarball no local data for escape-string-regexp@https://registry.npmjs.org/escape-string-regexp/-/escape-string-regexp-4.0.0.tgz. Extracting by manifest.
404 silly tarball no local data for supports-color@https://registry.npmjs.org/supports-color/-/supports-color-7.2.0.tgz. Extracting by manifest.
405 silly tarball no local data for debug@https://registry.npmjs.org/debug/-/debug-4.3.6.tgz. Extracting by manifest.
406 silly tarball no local data for ms@https://registry.npmjs.org/ms/-/ms-2.1.2.tgz. Extracting by manifest.
407 http fetch POST 200 https://registry.npmjs.org/-/npm/v1/security/advisories/bulk 277ms
408 timing auditReport:getReport Completed in 283ms
409 silly audit report {}
410 timing auditReport:init Completed in 0ms
411 timing reify:audit Completed in 284ms
412 timing reifyNode:node_modules/mocha/node_modules/ms Completed in 518ms
413 http fetch GET 200 https://registry.npmjs.org/is-plain-obj/-/is-plain-obj-2.1.0.tgz 488ms (cache miss)
414 timing reifyNode:node_modules/is-plain-obj Completed in 547ms
415 http fetch GET 200 https://registry.npmjs.org/string-width/-/string-width-4.2.3.tgz 481ms (cache miss)
416 timing reifyNode:node_modules/string-width Completed in 547ms
417 http fetch GET 200 https://registry.npmjs.org/randombytes/-/randombytes-2.1.0.tgz 496ms (cache miss)
418 http fetch GET 200 https://registry.npmjs.org/ansi-regex/-/ansi-regex-5.0.1.tgz 548ms (cache miss)
419 timing reifyNode:node_modules/ansi-regex Completed in 604ms
420 http fetch GET 200 https://registry.npmjs.org/ansi-colors/-/ansi-colors-4.1.3.tgz 538ms (cache miss)
421 timing reifyNode:node_modules/randombytes Completed in 605ms
422 timing reifyNode:node_modules/ansi-colors Completed in 622ms
423 http fetch GET 200 https://registry.npmjs.org/emoji-regex/-/emoji-regex-8.0.0.tgz 565ms (cache miss)
424 http fetch GET 200 https://registry.npmjs.org/decamelize/-/decamelize-4.0.0.tgz 574ms (cache miss)
425 timing reifyNode:node_modules/decamelize Completed in 628ms
426 http fetch GET 200 https://registry.npmjs.org/flat/-/flat-5.0.2.tgz 576ms (cache miss)
427 timing reifyNode:node_modules/flat Completed in 628ms
428 http fetch GET 200 https://registry.npmjs.org/strip-ansi/-/strip-ansi-6.0.1.tgz 569ms (cache miss)
429 timing reifyNode:node_modules/strip-ansi Completed in 628ms
430 http fetch GET 200 https://registry.npmjs.org/camelcase/-/camelcase-6.3.0.tgz 574ms (cache miss)
431 timing reifyNode:node_modules/camelcase Completed in 629ms
432 http fetch GET 200 https://registry.npmjs.org/escalade/-/escalade-3.1.2.tgz 560ms (cache miss)
433 http fetch GET 200 https://registry.npmjs.org/color-name/-/color-name-1.1.4.tgz 542ms (cache miss)
434 timing reifyNode:node_modules/color-name Completed in 628ms
435 http fetch GET 200 https://registry.npmjs.org/p-limit/-/p-limit-3.1.0.tgz 547ms (cache miss)
436 timing reifyNode:node_modules/p-limit Completed in 628ms
437 http fetch GET 200 https://registry.npmjs.org/balanced-match/-/balanced-match-1.0.2.tgz 546ms (cache miss)
438 timing reifyNode:node_modules/balanced-match Completed in 628ms
439 http fetch GET 200 https://registry.npmjs.org/has-flag/-/has-flag-4.0.0.tgz 542ms (cache miss)
440 timing reifyNode:node_modules/has-flag Completed in 629ms
441 http fetch GET 200 https://registry.npmjs.org/locate-path/-/locate-path-6.0.0.tgz 512ms (cache miss)
442 timing reifyNode:node_modules/locate-path Completed in 629ms
443 http fetch GET 200 https://registry.npmjs.org/once/-/once-1.4.0.tgz 529ms (cache miss)
444 timing reifyNode:node_modules/once Completed in 631ms
445 http fetch GET 200 https://registry.npmjs.org/path-exists/-/path-exists-4.0.0.tgz 516ms (cache miss)
446 timing reifyNode:node_modules/path-exists Completed in 631ms
447 http fetch GET 200 https://registry.npmjs.org/get-caller-file/-/get-caller-file-2.0.5.tgz 566ms (cache miss)
448 timing reifyNode:node_modules/get-caller-file Completed in 633ms
449 http fetch GET 200 https://registry.npmjs.org/color-convert/-/color-convert-2.0.1.tgz 543ms (cache miss)
450 timing reifyNode:node_modules/emoji-regex Completed in 637ms
451 http fetch GET 200 https://registry.npmjs.org/is-fullwidth-code-point/-/is-fullwidth-code-point-3.0.0.tgz 581ms (cache miss)
452 timing reifyNode:node_modules/is-fullwidth-code-point Completed in 638ms
453 http fetch GET 200 https://registry.npmjs.org/wrap-ansi/-/wrap-ansi-7.0.0.tgz 579ms (cache miss)
454 timing reifyNode:node_modules/wrap-ansi Completed in 637ms
455 http fetch GET 200 https://registry.npmjs.org/is-number/-/is-number-7.0.0.tgz 567ms (cache miss)
456 timing reifyNode:node_modules/is-number Completed in 638ms
457 timing reifyNode:node_modules/escalade Completed in 638ms
458 http fetch GET 200 https://registry.npmjs.org/brace-expansion/-/brace-expansion-2.0.1.tgz 553ms (cache miss)
459 timing reifyNode:node_modules/brace-expansion Completed in 637ms
460 http fetch GET 200 https://registry.npmjs.org/is-unicode-supported/-/is-unicode-supported-0.1.0.tgz 550ms (cache miss)
461 timing reifyNode:node_modules/is-unicode-supported Completed in 637ms
462 http fetch GET 200 https://registry.npmjs.org/p-locate/-/p-locate-5.0.0.tgz 538ms (cache miss)
463 timing reifyNode:node_modules/p-locate Completed in 638ms
464 http fetch GET 200 https://registry.npmjs.org/yocto-queue/-/yocto-queue-0.1.0.tgz 544ms (cache miss)
465 timing reifyNode:node_modules/yocto-queue Completed in 638ms
466 http fetch GET 200 https://registry.npmjs.org/serialize-javascript/-/serialize-javascript-6.0.2.tgz 505ms (cache miss)
467 timing reifyNode:node_modules/serialize-javascript Completed in 638ms
468 http fetch GET 200 https://registry.npmjs.org/y18n/-/y18n-5.0.8.tgz 578ms (cache miss)
469 http fetch GET 200 https://registry.npmjs.org/cliui/-/cliui-7.0.4.tgz 573ms (cache miss)
470 timing reifyNode:node_modules/cliui Completed in 642ms
471 http fetch GET 200 https://registry.npmjs.org/require-directory/-/require-directory-2.1.1.tgz 571ms (cache miss)
472 timing reifyNode:node_modules/require-directory Completed in 642ms
473 http fetch GET 200 https://registry.npmjs.org/binary-extensions/-/binary-extensions-2.3.0.tgz 492ms (cache miss)
474 timing reifyNode:node_modules/binary-extensions Completed in 641ms
475 timing reifyNode:node_modules/color-convert Completed in 642ms
476 http fetch GET 200 https://registry.npmjs.org/ansi-styles/-/ansi-styles-4.3.0.tgz 541ms (cache miss)
477 timing reifyNode:node_modules/ansi-styles Completed in 643ms
478 http fetch GET 200 https://registry.npmjs.org/fs.realpath/-/fs.realpath-1.0.0.tgz 540ms (cache miss)
479 timing reifyNode:node_modules/fs.realpath Completed in 643ms
480 http fetch GET 200 https://registry.npmjs.org/normalize-path/-/normalize-path-3.0.0.tgz 523ms (cache miss)
481 timing reifyNode:node_modules/normalize-path Completed in 644ms
482 http fetch GET 200 https://registry.npmjs.org/supports-color/-/supports-color-8.1.1.tgz 492ms (cache miss)
483 timing reifyNode:node_modules/supports-color Completed in 645ms
484 http fetch GET 200 https://registry.npmjs.org/chalk/-/chalk-4.1.2.tgz 548ms (cache miss)
485 timing reifyNode:node_modules/chalk Completed in 647ms
486 http fetch GET 200 https://registry.npmjs.org/is-extglob/-/is-extglob-2.1.1.tgz 550ms (cache miss)
487 timing reifyNode:node_modules/is-extglob Completed in 647ms
488 http fetch GET 200 https://registry.npmjs.org/is-glob/-/is-glob-4.0.3.tgz 523ms (cache miss)
489 timing reifyNode:node_modules/is-glob Completed in 646ms
490 http fetch GET 200 https://registry.npmjs.org/ms/-/ms-2.1.2.tgz 429ms (cache miss)
491 timing reifyNode:node_modules/mocha/node_modules/debug/node_modules/ms Completed in 646ms
492 http fetch GET 200 https://registry.npmjs.org/browser-stdout/-/browser-stdout-1.3.1.tgz 490ms (cache miss)
493 timing reifyNode:node_modules/browser-stdout Completed in 646ms
494 http fetch GET 200 https://registry.npmjs.org/supports-color/-/supports-color-7.2.0.tgz 432ms (cache miss)
495 timing reifyNode:node_modules/chalk/node_modules/supports-color Completed in 648ms
496 http fetch GET 200 https://registry.npmjs.org/escape-string-regexp/-/escape-string-regexp-4.0.0.tgz 489ms (cache miss)
497 timing reifyNode:node_modules/escape-string-regexp Completed in 647ms
498 http fetch GET 200 https://registry.npmjs.org/glob-parent/-/glob-parent-5.1.2.tgz 523ms (cache miss)
499 timing reifyNode:node_modules/glob-parent Completed in 647ms
500 http fetch GET 200 https://registry.npmjs.org/is-binary-path/-/is-binary-path-2.1.0.tgz 495ms (cache miss)
501 timing reifyNode:node_modules/is-binary-path Completed in 648ms
502 http fetch GET 200 https://registry.npmjs.org/log-symbols/-/log-symbols-4.1.0.tgz 513ms (cache miss)
503 timing reifyNode:node_modules/log-symbols Completed in 648ms
504 http fetch GET 200 https://registry.npmjs.org/inflight/-/inflight-1.0.6.tgz 501ms (cache miss)
505 warn deprecated inflight@1.0.6: This module is not supported, and leaks memory. Do not use it. Check out lru-cache if you want a good and tested way to coalesce async requests by a key value, which is much more comprehensive and powerful.
506 timing reifyNode:node_modules/inflight Completed in 652ms
507 http fetch GET 200 https://registry.npmjs.org/strip-json-comments/-/strip-json-comments-3.1.1.tgz 520ms (cache miss)
508 timing reifyNode:node_modules/strip-json-comments Completed in 651ms
509 timing reifyNode:node_modules/y18n Completed in 653ms
510 http fetch GET 200 https://registry.npmjs.org/anymatch/-/anymatch-3.1.3.tgz 526ms (cache miss)
511 timing reifyNode:node_modules/anymatch Completed in 652ms
512 http fetch GET 200 https://registry.npmjs.org/find-up/-/find-up-5.0.0.tgz 500ms (cache miss)
513 timing reifyNode:node_modules/find-up Completed in 652ms
514 http fetch GET 200 https://registry.npmjs.org/minimatch/-/minimatch-5.1.6.tgz 519ms (cache miss)
515 timing reifyNode:node_modules/minimatch Completed in 652ms
516 http fetch GET 200 https://registry.npmjs.org/wrappy/-/wrappy-1.0.2.tgz 506ms (cache miss)
517 timing reifyNode:node_modules/wrappy Completed in 654ms
518 http fetch GET 200 https://registry.npmjs.org/to-regex-range/-/to-regex-range-5.0.1.tgz 540ms (cache miss)
519 timing reifyNode:node_modules/to-regex-range Completed in 659ms
520 http fetch GET 200 https://registry.npmjs.org/readdirp/-/readdirp-3.6.0.tgz 538ms (cache miss)
521 timing reifyNode:node_modules/readdirp Completed in 658ms
522 http fetch GET 200 https://registry.npmjs.org/yargs-unparser/-/yargs-unparser-2.0.0.tgz 536ms (cache miss)
523 timing reifyNode:node_modules/yargs-unparser Completed in 663ms
524 http fetch GET 200 https://registry.npmjs.org/fill-range/-/fill-range-7.1.1.tgz 547ms (cache miss)
525 timing reifyNode:node_modules/fill-range Completed in 667ms
526 http fetch GET 200 https://registry.npmjs.org/glob/-/glob-8.1.0.tgz 520ms (cache miss)
527 warn deprecated glob@8.1.0: Glob versions prior to v9 are no longer supported
528 timing reifyNode:node_modules/glob Completed in 675ms
529 http fetch GET 200 https://registry.npmjs.org/he/-/he-1.2.0.tgz 534ms (cache miss)
530 timing reifyNode:node_modules/he Completed in 682ms
531 http fetch GET 200 https://registry.npmjs.org/braces/-/braces-3.0.3.tgz 561ms (cache miss)
532 timing reifyNode:node_modules/braces Completed in 686ms
533 http fetch GET 200 https://registry.npmjs.org/argparse/-/argparse-2.0.1.tgz 590ms (cache miss)
534 timing reifyNode:node_modules/argparse Completed in 688ms
535 http fetch GET 200 https://registry.npmjs.org/chokidar/-/chokidar-3.6.0.tgz 531ms (cache miss)
536 timing reifyNode:node_modules/chokidar Completed in 686ms
537 http fetch GET 200 https://registry.npmjs.org/yargs-parser/-/yargs-parser-20.2.9.tgz 562ms (cache miss)
538 timing reifyNode:node_modules/yargs-parser Completed in 690ms
539 http fetch GET 200 https://registry.npmjs.org/debug/-/debug-4.3.6.tgz 472ms (cache miss)
540 timing reifyNode:node_modules/mocha/node_modules/debug Completed in 689ms
541 http fetch GET 200 https://registry.npmjs.org/picomatch/-/picomatch-2.3.1.tgz 571ms (cache miss)
542 timing reifyNode:node_modules/picomatch Completed in 690ms
543 http fetch GET 200 https://registry.npmjs.org/workerpool/-/workerpool-6.5.1.tgz 608ms (cache miss)
544 timing reifyNode:node_modules/workerpool Completed in 738ms
545 http fetch GET 200 https://registry.npmjs.org/diff/-/diff-5.2.0.tgz 585ms (cache miss)
546 timing reifyNode:node_modules/diff Completed in 740ms
547 http fetch GET 200 https://registry.npmjs.org/js-yaml/-/js-yaml-4.1.0.tgz 610ms (cache miss)
548 timing reifyNode:node_modules/js-yaml Completed in 747ms
549 http fetch GET 200 https://registry.npmjs.org/yargs/-/yargs-16.2.0.tgz 624ms (cache miss)
550 timing reifyNode:node_modules/yargs Completed in 754ms
551 http fetch GET 200 https://registry.npmjs.org/mocha/-/mocha-10.7.3.tgz 728ms (cache miss)
552 timing reifyNode:node_modules/mocha Completed in 787ms
553 timing reify:unpack Completed in 792ms
554 timing reify:unretire Completed in 0ms
555 timing build:queue Completed in 3ms
556 timing build:link:node_modules/flat Completed in 3ms
557 timing build:link:node_modules/he Completed in 2ms
558 timing build:link:node_modules/js-yaml Completed in 2ms
559 timing build:link:node_modules/mocha Completed in 2ms
560 timing build:link Completed in 3ms
561 timing build:deps Completed in 7ms
562 timing build Completed in 7ms
563 timing reify:build Completed in 8ms
564 timing reify:trash Completed in 1ms
565 timing reify:save Completed in 40ms
566 timing reify Completed in 2169ms
567 silly ADD node_modules/is-plain-obj
568 silly ADD node_modules/flat
569 silly ADD node_modules/decamelize
570 silly ADD node_modules/camelcase
571 silly ADD node_modules/ansi-regex
572 silly ADD node_modules/is-fullwidth-code-point
573 silly ADD node_modules/emoji-regex
574 silly ADD node_modules/wrap-ansi
575 silly ADD node_modules/strip-ansi
576 silly ADD node_modules/y18n
577 silly ADD node_modules/string-width
578 silly ADD node_modules/require-directory
579 silly ADD node_modules/get-caller-file
580 silly ADD node_modules/escalade
581 silly ADD node_modules/cliui
582 silly ADD node_modules/is-number
583 silly ADD node_modules/has-flag
584 silly ADD node_modules/randombytes
585 silly ADD node_modules/yocto-queue
586 silly ADD node_modules/p-limit
587 silly ADD node_modules/balanced-match
588 silly ADD node_modules/brace-expansion
589 silly ADD node_modules/color-name
590 silly ADD node_modules/color-convert
591 silly ADD node_modules/ansi-styles
592 silly ADD node_modules/is-unicode-supported
593 silly ADD node_modules/chalk
594 silly ADD node_modules/chalk/node_modules/supports-color
595 silly ADD node_modules/p-locate
596 silly ADD node_modules/argparse
597 silly ADD node_modules/is-extglob
598 silly ADD node_modules/binary-extensions
599 silly ADD node_modules/wrappy
600 silly ADD node_modules/once
601 silly ADD node_modules/inflight
602 silly ADD node_modules/fs.realpath
603 silly ADD node_modules/path-exists
604 silly ADD node_modules/locate-path
605 silly ADD node_modules/to-regex-range
606 silly ADD node_modules/fill-range
607 silly ADD node_modules/picomatch
608 silly ADD node_modules/readdirp
609 silly ADD node_modules/normalize-path
610 silly ADD node_modules/is-glob
611 silly ADD node_modules/is-binary-path
612 silly ADD node_modules/glob-parent
613 silly ADD
614 silly ADD node_modules/braces
615 silly ADD node_modules/anymatch
616 silly ADD node_modules/yargs-unparser
617 silly ADD node_modules/yargs-parser
618 silly ADD node_modules/yargs
619 silly ADD node_modules/workerpool
620 silly ADD node_modules/supports-color
621 silly ADD node_modules/strip-json-comments
622 silly ADD node_modules/serialize-javascript
623 silly ADD node_modules/minimatch
624 silly ADD node_modules/log-symbols
625 silly ADD node_modules/js-yaml
626 silly ADD node_modules/he
627 silly ADD node_modules/glob
628 silly ADD node_modules/find-up
629 silly ADD node_modules/escape-string-regexp
630 silly ADD node_modules/diff
631 silly ADD node_modules/chokidar
632 silly ADD node_modules/browser-stdout
633 silly ADD node_modules/ansi-colors
634 silly ADD node_modules/mocha
635 silly ADD node_modules/mocha/node_modules/ms
636 silly ADD node_modules/mocha/node_modules/debug
637 silly ADD node_modules/mocha/node_modules/debug/node_modules/ms
638 timing command:install Completed in 2179ms
639 verbose exit 0
640 timing npm Completed in 2249ms
641 info ok
